Arguments: 
  C:\Program Files\nodejs\node.exe C:\Users\augus\AppData\Roaming\npm\node_modules\yarn\bin\yarn.js add react-router-dom

PATH: 
  C:\Users\augus\bin;C:\Program Files\Git\mingw64\bin;C:\Program Files\Git\usr\local\bin;C:\Program Files\Git\usr\bin;C:\Program Files\Git\usr\bin;C:\Program Files\Git\mingw64\bin;C:\Program Files\Git\usr\bin;C:\Users\augus\bin;C:\Windows\system32;C:\Windows;C:\Windows\System32\Wbem;C:\Windows\System32\WindowsPowerShell\v1.0;C:\Windows\System32\OpenSSH;C:\Program Files (x86)\NVIDIA Corporation\PhysX\Common;C:\WINDOWS\system32;C:\WINDOWS;C:\WINDOWS\System32\Wbem;C:\WINDOWS\System32\WindowsPowerShell\v1.0;C:\WINDOWS\System32\OpenSSH;C:\Program Files\nodejs;C:\Program Files\Git\cmd;C:\xampp\php;C:\ProgramData\ComposerSetup\bin;C:\Program Files\Cloudflare\Cloudflare WARP;C:\Program Files\Cloudflare\Cloudflare WARP;C:\Users\augus\AppData\Local\Microsoft\WindowsApps;C:\Users\augus\AppData\Local\Programs\Microsoft VS Code\bin;C:\Users\augus\AppData\Roaming\npm;C:\Users\augus\Documents\src\flutter\bin;C:\Users\augus\AppData\Roaming\Composer\vendor\bin;C:\Program Files\Git\usr\bin\vendor_perl;C:\Program Files\Git\usr\bin\core_perl

Yarn version: 
  1.22.17

Node version: 
  16.13.0

Platform: 
  win32 x64

Trace: 
  Error: EPERM: operation not permitted, unlink 'C:\Users\augus\Desktop\web\edu - Copia\react-edu\vite-edu\node_modules\esbuild-windows-64\esbuild.exe'

npm manifest: 
  {
    "name": "vite-react-typescript-starter",
    "private": true,
    "version": "0.0.0",
    "type": "module",
    "scripts": {
      "dev": "vite",
      "build": "tsc && vite build",
      "preview": "vite preview"
    },
    "dependencies": {
      "@apollo/client": "^3.6.9",
      "@vime/core": "^5.3.1",
      "@vime/react": "^5.3.1",
      "graphql": "^16.5.0",
      "phosphor-react": "^1.4.1",
      "react": "^18.2.0",
      "react-dom": "^18.2.0"
    },
    "devDependencies": {
      "@types/react": "^18.0.14",
      "@types/react-dom": "^18.0.5",
      "@vitejs/plugin-react": "^1.3.2",
      "autoprefixer": "^10.4.7",
      "postcss": "^8.4.14",
      "tailwindcss": "^3.1.4",
      "typescript": "^4.6.4",
      "vite": "^2.9.12"
    }
  }

yarn manifest: 
  No manifest

Lockfile: 
  No lockfile
